make all --print-data-base --no-builtin-variables --no-builtin-rules --question
# GNU Make 3.81
# Copyright (C) 2006  Free Software Foundation, Inc.
# This is free software; see the source for copying conditions.
# There is NO warranty; not even for MERCHANTABILITY or FITNESS FOR A
# PARTICULAR PURPOSE.

# This program built for i386-apple-darwin11.3.0

# Make data base, printed on Thu Aug 25 22:56:55 2022

# Variables

# automatic
<D = $(patsubst %/,%,$(dir $<))
# automatic
?F = $(notdir $?)
# automatic
?D = $(patsubst %/,%,$(dir $?))
# automatic
@D = $(patsubst %/,%,$(dir $@))
# automatic
@F = $(notdir $@)
# makefile
CURDIR := /Users/nicolasmendoza/Documents/Machine-Learning/RNVP/presentation
# makefile
SHELL = /bin/sh
# environment
VSCODE_NLS_CONFIG = {"locale":"en-us","availableLanguages":{},"_languagePackSupport":true}
# environment
_ = /usr/bin/make
# makefile (from `Makefile', line 1)
MAKEFILE_LIST :=  Makefile
# environment
VSCODE_CWD = /
# environment
PATH = /Users/nicolasmendoza/opt/anaconda3/bin:/Users/nicolasmendoza/opt/anaconda3/condabin:/Library/Frameworks/Python.framework/Versions/2.7/bin:/usr/local/bin:/usr/bin:/bin:/usr/sbin:/sbin:/Library/TeX/texbin
# environment
ELECTRON_RUN_AS_NODE = 1
# makefile (from `Makefile', line 2)
BIB = 'biber'
# default
.FEATURES := target-specific order-only second-expansion else-if archives jobserver check-symlink
# environment
SSH_AUTH_SOCK = /private/tmp/com.apple.launchd.TVagHlQ2kp/Listeners
# automatic
%F = $(notdir $%)
# environment
CONDA_EXE = /Users/nicolasmendoza/opt/anaconda3/bin/conda
# environment
PWD = /Users/nicolasmendoza/Documents/Machine-Learning/RNVP/presentation
# environment
ORIGINAL_XDG_CURRENT_DESKTOP = undefined
# environment
VSCODE_AMD_ENTRYPOINT = vs/workbench/api/node/extensionHostProcess
# environment
HOME = /Users/nicolasmendoza
# default
MAKEFILEPATH = $(shell /usr/bin/xcode-select -print-path 2>/dev/null || echo /Developer)/Makefiles
# environment
VSCODE_CODE_CACHE_PATH = /Users/nicolasmendoza/Library/Application Support/Code/CachedData/6d9b74a70ca9c7733b29f0456fd8195364076dda
# environment
LOGNAME = nicolasmendoza
# environment
APPLICATION_INSIGHTS_NO_DIAGNOSTIC_CHANNEL = 1
# environment
CONDA_PROMPT_MODIFIER = (base) 
# environment
VSCODE_HANDLES_UNCAUGHT_ERRORS = true
# automatic
^D = $(patsubst %/,%,$(dir $^))
# environment
CONDA_DEFAULT_ENV = base
# environment
XPC_FLAGS = 0x0
# default
MAKE = $(MAKE_COMMAND)
# default
MAKECMDGOALS := all
# environment
SHLVL = 1
# environment
LATEXWORKSHOP_DOCKER_LATEX = 
# default
MAKE_VERSION := 3.81
# environment
USER = nicolasmendoza
# makefile
.DEFAULT_GOAL := all
# automatic
%D = $(patsubst %/,%,$(dir $%))
# environment
CONDA_SHLVL = 1
# default
MAKE_COMMAND := /Library/Developer/CommandLineTools/usr/bin/make
# default
.VARIABLES := 
# environment
TMPDIR = /var/folders/f1/7ltqqtrs0bd73b4q_hz5s1x80000gn/T/
# automatic
*F = $(notdir $*)
# environment
VSCODE_IPC_HOOK = /Users/nicolasmendoza/Library/Application Support/Code/1.70.1-main.sock
# environment
MallocNanoZone = 0
# makefile
MAKEFLAGS = Rrqp
# environment
MFLAGS = -Rrqp
# automatic
*D = $(patsubst %/,%,$(dir $*))
# environment
XPC_SERVICE_NAME = com.apple.xpc.launchd.oneshot.0x10000278.Electron
# automatic
+D = $(patsubst %/,%,$(dir $+))
# automatic
+F = $(notdir $+)
# environment
__CF_USER_TEXT_ENCODING = 0x1F5:0x0:0x0
# environment
COMMAND_MODE = unix2003
# default
MAKEFILES := 
# automatic
<F = $(notdir $<)
# environment
LC_ALL = C
# environment
CONDA_PYTHON_EXE = /Users/nicolasmendoza/opt/anaconda3/bin/python
# automatic
^F = $(notdir $^)
# default
SUFFIXES := 
# environment
_CE_M = 
# default
.INCLUDE_DIRS = /usr/local/include
# environment
MAKELEVEL := 0
# makefile (from `Makefile', line 1)
TEX = 'lualatex'
# environment
CONDA_PREFIX = /Users/nicolasmendoza/opt/anaconda3
# environment
VSCODE_PID = 53566
# environment
_CE_CONDA = 
# environment
LANG = C
# variable set hash-table stats:
# Load=68/1024=7%, Rehash=0, Collisions=2/95=2%

# Pattern-specific Variable Values

# No pattern-specific variable values.

# Directories

# . (device 16777220, inode 33850023): 25 files, no impossibilities.

# 25 files, no impossibilities in 1 directories.

# Implicit Rules

# No implicit rules.

# Files

../Handout.pdf: Handout.pdf
#  Implicit rule search has not been done.
#  Modification time never checked.
#  File has not been updated.
#  commands to execute (from `Makefile', line 18):
	cp Handout.pdf ..
	

all: Presentation.pdf Handout.pdf ../Presentation.pdf ../Handout.pdf
#  Command-line target.
#  Implicit rule search has been done.
#  File does not exist.
#  File has been updated.
#  Needs to be updated (-q is set).
# variable set hash-table stats:
# Load=0/32=0%, Rehash=0, Collisions=0/3=0%

# Not a target:
.SUFFIXES:
#  Implicit rule search has not been done.
#  Modification time never checked.
#  File has not been updated.

Handout: Handout.pdf
#  Implicit rule search has not been done.
#  Modification time never checked.
#  File has not been updated.

# Not a target:
Makefile:
#  Implicit rule search has been done.
#  Last modified 2022-02-09 16:24:01
#  File has been updated.
#  Successfully updated.
# variable set hash-table stats:
# Load=0/32=0%, Rehash=0, Collisions=0/0=0%

Handout.pdf: Handout.tex Talk.tex macros.tex metadata.tex
#  Implicit rule search has not been done.
#  Modification time never checked.
#  File has not been updated.
#  commands to execute (from `Makefile', line 31):
	$(TEX) Handout
	-mv Handout.aux tmp/
	-mv Handout.log tmp/
	-mv Handout.nav tmp/
	-mv Handout.snm tmp/
	-mv Handout.toc tmp/
	-mv Handout.*.vrb tmp/
	-mv Handout.out.ps tmp/
	

# Not a target:
metadata.tex:
#  Implicit rule search has been done.
#  Last modified 2022-08-25 22:56:23
#  File has been updated.
#  Successfully updated.
# variable set hash-table stats:
# Load=0/32=0%, Rehash=0, Collisions=0/0=0%

# Not a target:
Presentation.tex:
#  Implicit rule search has been done.
#  Last modified 2018-05-28 09:22:05
#  File has been updated.
#  Successfully updated.
# variable set hash-table stats:
# Load=0/32=0%, Rehash=0, Collisions=0/0=0%

# Not a target:
.DEFAULT:
#  Implicit rule search has not been done.
#  Modification time never checked.
#  File has not been updated.

clean:
#  Implicit rule search has not been done.
#  Modification time never checked.
#  File has not been updated.
#  commands to execute (from `Makefile', line 7):
	-rm Presentation.pdf Handout.pdf
	-rm tmp/*
	

Presentation: Presentation.pdf
#  Implicit rule search has not been done.
#  Modification time never checked.
#  File has not been updated.

Presentation.pdf: Presentation.tex Talk.tex macros.tex metadata.tex
#  Implicit rule search has not been done.
#  Implicit/static pattern stem: `'
#  Last modified 2022-08-25 22:44:41
#  File has been updated.
#  Needs to be updated (-q is set).
# automatic
# @ := Presentation.pdf
# automatic
# % := 
# automatic
# * := 
# automatic
# + := Presentation.tex Talk.tex macros.tex metadata.tex
# automatic
# | := 
# automatic
# < := Presentation.tex
# automatic
# ^ := Presentation.tex Talk.tex macros.tex metadata.tex
# automatic
# ? := metadata.tex
# variable set hash-table stats:
# Load=8/32=25%, Rehash=0, Collisions=1/11=9%
#  commands to execute (from `Makefile', line 21):
	$(TEX) Presentation
	-mv Presentation.aux tmp/
	-mv Presentation.log tmp/
	-mv Presentation.nav tmp/
	-mv Presentation.snm tmp/
	-mv Presentation.toc tmp/
	-mv Presentation.*.vrb tmp/
	-mv Presentation.out.ps tmp/
	

# Not a target:
Handout.tex:
#  Implicit rule search has not been done.
#  Modification time never checked.
#  File has not been updated.

# Not a target:
Talk.tex:
#  Implicit rule search has been done.
#  Last modified 2022-02-09 16:24:58
#  File has been updated.
#  Successfully updated.
# variable set hash-table stats:
# Load=0/32=0%, Rehash=0, Collisions=0/0=0%

../Presentation.pdf: Presentation.pdf
#  Implicit rule search has not been done.
#  Modification time never checked.
#  File has not been updated.
#  commands to execute (from `Makefile', line 15):
	cp Presentation.pdf ..
	

# Not a target:
macros.tex:
#  Implicit rule search has been done.
#  Last modified 2022-02-09 16:24:01
#  File has been updated.
#  Successfully updated.
 
# variable set hash-table stats:
# Load=0/32=0%, Rehash=0, Collisions=0/0=0%

# files hash-table stats:
# Load=16/1024=2%, Rehash=0, Collisions=0/46=0%
# VPATH Search Paths

# No `vpath' search paths.

# No general (`VPATH' variable) search path.

# # of strings in strcache: 1
# # of strcache buffers: 1
# strcache size: total = 4096 / max = 4096 / min = 4096 / avg = 4096
# strcache free: total = 4087 / max = 4087 / min = 4087 / avg = 4087

# Finished Make data base on Thu Aug 25 22:56:55 2022

 
